C51 COMPILER V9.60.0.0   MAIN                                                              05/28/2022 21:58:36 PAGE 1   


C51 COMPILER V9.60.0.0, COMPILATION OF MODULE MAIN
OBJECT MODULE PLACED IN .\Objects\main.obj
COMPILER INVOKED BY: E:\COMPILE\KILE\C51\BIN\C51.EXE main.c OPTIMIZE(8,SPEED) BROWSE DEBUG OBJECTEXTEND PRINT(.\Listings
                    -\main.lst) TABS(2) OBJECT(.\Objects\main.obj)

line level    source

   1          // 按键控制数字位置、大小
   2          #include "reg52.h"
   3          #include "intrins.h"
   4          
   5          typedef unsigned int u16;
   6          typedef unsigned char u8;
   7          
   8          // 独立按键是P3^0到P3^3这四个
   9          // 前两个键是上下――调大小
  10          // 后两个键是左右――调位置
  11          sbit indeKeys0 = P3^0;
  12          sbit indeKeys1 = P3^1;
  13          sbit indeKeys2 = P3^2;
  14          sbit indeKeys3 = P3^3;
  15          // 段引脚，位引脚
  16          sbit DUAN = P2^6;
  17          sbit WEI = P2^7;
  18          
  19          u8 tempWEI = 0xfe;
  20          u16 tempDUAN = 0;
  21          u8 code smaDUAN[] = {0x3f,0x06,0x5b,0x4f,
  22                               0x66,0x6d,0x7d,0x07,
  23                               0x7f,0x6f,0x77,0x7c,
  24                               0x39,0x5e,0x79,0x71};// 字形码
  25          
  26                               
  27          void delay(time)
  28          {
  29   1        while(time --);
  30   1      }
  31          
  32          void handleKey()
  33          {
  34   1        // 右移
  35   1        if(indeKeys0 == 0)
  36   1        {
  37   2          delay(1000);
  38   2          if(indeKeys0 == 0)
  39   2          {
  40   3            tempWEI = _cror_(tempWEI, 1);
  41   3            P0 = tempWEI;
  42   3            WEI = 1;
  43   3            WEI = 0;
  44   3            /*P0 = ~P0;
  45   3            DUAN = 1;
  46   3            DUAN = 0;
  47   3            P1 = ~P1;*/
  48   3          }
  49   2          while(!indeKeys0);  
  50   2        }
  51   1        // 左移
  52   1        else if (indeKeys1 == 0) 
  53   1        {
  54   2          delay(1000);
C51 COMPILER V9.60.0.0   MAIN                                                              05/28/2022 21:58:36 PAGE 2   

  55   2          if(indeKeys1 == 0)
  56   2          {
  57   3            tempWEI = _crol_(tempWEI, 1);
  58   3            P0 = tempWEI;
  59   3            WEI = 1;
  60   3            WEI = 0;
  61   3          }
  62   2          while(!indeKeys1);  
  63   2        
  64   2        }
  65   1        // 增大
  66   1        else if (indeKeys2 == 0) 
  67   1        {
  68   2          delay(1000);
  69   2          if(indeKeys2 == 0)
  70   2          {
  71   3            P0 = smaDUAN[++ tempDUAN % 10];
  72   3            DUAN = 1;
  73   3            DUAN = 0;
  74   3          }
  75   2          while(!indeKeys2);
  76   2        }
  77   1        // 减小
  78   1        else 
  79   1        {
  80   2          delay(1000);
  81   2          if(indeKeys3 == 0)
  82   2          {
  83   3            P0 = smaDUAN[-- tempDUAN % 10];
  84   3            DUAN = 1;
  85   3            DUAN = 0;
  86   3          }
  87   2          while(!indeKeys3);
  88   2        }
  89   1      }
  90          
  91          void main()
  92          {
  93   1        P0 = tempWEI;
  94   1        WEI = 1;
  95   1        WEI = 0;
  96   1        
  97   1        P0 = smaDUAN[tempDUAN % 10];
  98   1        DUAN = 1;
  99   1        DUAN = 0;
 100   1        
 101   1        while(1)
 102   1        {
 103   2            handleKey();
 104   2        }
 105   1      
 106   1      }


MODULE INFORMATION:   STATIC OVERLAYABLE
   CODE SIZE        =    222    ----
   CONSTANT SIZE    =     16    ----
   XDATA SIZE       =   ----    ----
   PDATA SIZE       =   ----    ----
   DATA SIZE        =      3    ----
   IDATA SIZE       =   ----    ----
   BIT SIZE         =   ----    ----
C51 COMPILER V9.60.0.0   MAIN                                                              05/28/2022 21:58:36 PAGE 3   

END OF MODULE INFORMATION.


C51 COMPILATION COMPLETE.  0 WARNING(S),  0 ERROR(S)
