C51 COMPILER V9.60.0.0   MAIN                                                              05/28/2022 20:19:19 PAGE 1   


C51 COMPILER V9.60.0.0, COMPILATION OF MODULE MAIN
OBJECT MODULE PLACED IN .\Objects\main.obj
COMPILER INVOKED BY: E:\COMPILE\KILE\C51\BIN\C51.EXE main.c OPTIMIZE(8,SPEED) BROWSE DEBUG OBJECTEXTEND PRINT(.\Listings
                    -\main.lst) TABS(2) OBJECT(.\Objects\main.obj)

line level    source

   1          #include "reg52.h"
   2          #include "intrins.h"
   3          
   4          typedef unsigned long int u32;
   5          typedef unsigned int u16;
   6          typedef unsigned char u8;
   7          
   8          sbit WEI = P2^7;
   9          sbit DUAN = P2^6;
  10          
  11          u8 temp = 0x7f;
  12          u32 num = 0;
  13          u32 tempNum = 0;
  14          u32 i = 0;
  15          u8 smaduan[]={0x3f,0x06,0x5b,0x4f,
  16                        0x66,0x6d,0x7d,0x07,
  17                        0x7f,0x6f,0x77,0x7c,
  18                        0x39,0x5e,0x79,0x71};// 字形码
  19          
  20          void delay(time)
  21          {
  22   1        while(time --);
  23   1      }
  24          
  25          void main()
  26          {
  27   1        while(1)
  28   1        {
  29   2          tempNum = num;
  30   2          for(i = 0; i < 8; i ++)
  31   2          {
  32   3            P0 = temp;
  33   3            WEI = 1;
  34   3            WEI = 0;
  35   3            
  36   3            P0 = smaduan[tempNum % 10];
  37   3            DUAN = 1;
  38   3            DUAN = 0;
  39   3            tempNum /= 10;
  40   3            
  41   3            // 熄灭，不然会有数字重影叠加
  42   3            P0 = 0x00;
  43   3            DUAN = 1;
  44   3            DUAN = 0;
  45   3            
  46   3            temp = _cror_(temp, 1);
  47   3          }
  48   2          // 到达最大值（99999999）之后停止
  49   2          if(num < 99999999) 
  50   2          {
  51   3            num ++;
  52   3          }   
  53   2          
  54   2          delay(1000);
C51 COMPILER V9.60.0.0   MAIN                                                              05/28/2022 20:19:19 PAGE 2   

  55   2        }
  56   1      }


MODULE INFORMATION:   STATIC OVERLAYABLE
   CODE SIZE        =    208    ----
   CONSTANT SIZE    =   ----    ----
   XDATA SIZE       =   ----    ----
   PDATA SIZE       =   ----    ----
   DATA SIZE        =     29    ----
   IDATA SIZE       =   ----    ----
   BIT SIZE         =   ----    ----
END OF MODULE INFORMATION.


C51 COMPILATION COMPLETE.  0 WARNING(S),  0 ERROR(S)
